# Nmap 7.93 scan initiated Mon Sep 18 17:49:15 2023 as: nmap -sS -p1-1024 -A -oN nmap.out 10.10.11.219
Nmap scan report for pilgrimage.htb (10.10.11.219)
Host is up (0.049s latency).
Not shown: 1022 closed tcp ports (reset)
PORT   STATE SERVICE VERSION
22/tcp open  ssh     OpenSSH 8.4p1 Debian 5+deb11u1 (protocol 2.0)
| ssh-hostkey: 
|   3072 20be60d295f628c1b7e9e81706f168f3 (RSA)
|   256 0eb6a6a8c99b4173746e70180d5fe0af (ECDSA)
|_  256 d14e293c708669b4d72cc80b486e9804 (ED25519)
80/tcp open  http    nginx 1.18.0
|_http-title: Pilgrimage - Shrink Your Images
| http-git: 
|   10.10.11.219:80/.git/
|     Git repository found!
|     Repository description: Unnamed repository; edit this file 'description' to name the...
|_    Last commit message: Pilgrimage image shrinking service initial commit. # Please ...
| http-cookie-flags: 
|   /: 
|     PHPSESSID: 
|_      httponly flag not set
|_http-server-header: nginx/1.18.0
No exact OS matches for host (If you know what OS is running on it, see https://nmap.org/submit/ ).
TCP/IP fingerprint:
OS:SCAN(V=7.93%E=4%D=9/18%OT=22%CT=1%CU=34914%PV=Y%DS=2%DC=T%G=Y%TM=6508719
OS:1%P=x86_64-pc-linux-gnu)SEQ(SP=102%GCD=1%ISR=107%TI=Z%CI=Z%II=I%TS=A)OPS
OS:(O1=M53AST11NW7%O2=M53AST11NW7%O3=M53ANNT11NW7%O4=M53AST11NW7%O5=M53AST1
OS:1NW7%O6=M53AST11)WIN(W1=FE88%W2=FE88%W3=FE88%W4=FE88%W5=FE88%W6=FE88)ECN
OS:(R=Y%DF=Y%T=40%W=FAF0%O=M53ANNSNW7%CC=Y%Q=)T1(R=Y%DF=Y%T=40%S=O%A=S+%F=A
OS:S%RD=0%Q=)T2(R=N)T3(R=N)T4(R=Y%DF=Y%T=40%W=0%S=A%A=Z%F=R%O=%RD=0%Q=)T5(R
OS:=Y%DF=Y%T=40%W=0%S=Z%A=S+%F=AR%O=%RD=0%Q=)T6(R=Y%DF=Y%T=40%W=0%S=A%A=Z%F
OS:=R%O=%RD=0%Q=)T7(R=Y%DF=Y%T=40%W=0%S=Z%A=S+%F=AR%O=%RD=0%Q=)U1(R=Y%DF=N%
OS:T=40%IPL=164%UN=0%RIPL=G%RID=G%RIPCK=G%RUCK=G%RUD=G)IE(R=Y%DFI=N%T=40%CD
OS:=S)

Network Distance: 2 hops
Service Info: OS: Linux; CPE: cpe:/o:linux:linux_kernel

TRACEROUTE (using port 554/tcp)
HOP RTT      ADDRESS
1   99.82 ms 10.10.16.1
2   30.97 ms pilgrimage.htb (10.10.11.219)

OS and Service detection performed. Please report any incorrect results at https://nmap.org/submit/ .
# Nmap done at Mon Sep 18 17:49:37 2023 -- 1 IP address (1 host up) scanned in 22.27 seconds
