# Nmap 7.94SVN scan initiated Fri Jan 10 16:37:36 2025 as: nmap -sS -p- -oN nmap.out -T4 -A 10.10.119.141
Nmap scan report for 10.10.119.141
Host is up (0.037s latency).
Not shown: 65524 closed tcp ports (reset)
PORT      STATE SERVICE     VERSION
21/tcp    open  ftp         ProFTPD 1.3.5
22/tcp    open  ssh         OpenSSH 7.2p2 Ubuntu 4ubuntu2.7 (Ubuntu Linux; protocol 2.0)
| ssh-hostkey: 
|   2048 b3:ad:83:41:49:e9:5d:16:8d:3b:0f:05:7b:e2:c0:ae (RSA)
|   256 f8:27:7d:64:29:97:e6:f8:65:54:65:22:f7:c8:1d:8a (ECDSA)
|_  256 5a:06:ed:eb:b6:56:7e:4c:01:dd:ea:bc:ba:fa:33:79 (ED25519)
80/tcp    open  http        Apache httpd 2.4.18 ((Ubuntu))
|_http-server-header: Apache/2.4.18 (Ubuntu)
|_http-title: Site doesn't have a title (text/html).
| http-robots.txt: 1 disallowed entry 
|_/admin.html
111/tcp   open  rpcbind     2-4 (RPC #100000)
| rpcinfo: 
|   program version    port/proto  service
|   100003  2,3,4       2049/tcp   nfs
|   100003  2,3,4       2049/tcp6  nfs
|   100003  2,3,4       2049/udp   nfs
|   100003  2,3,4       2049/udp6  nfs
|   100005  1,2,3      35037/tcp   mountd
|   100005  1,2,3      36305/udp   mountd
|   100005  1,2,3      43551/udp6  mountd
|   100005  1,2,3      51369/tcp6  mountd
|   100021  1,3,4      34475/tcp   nlockmgr
|   100021  1,3,4      35209/tcp6  nlockmgr
|   100021  1,3,4      43202/udp   nlockmgr
|   100021  1,3,4      59931/udp6  nlockmgr
|   100227  2,3         2049/tcp   nfs_acl
|   100227  2,3         2049/tcp6  nfs_acl
|   100227  2,3         2049/udp   nfs_acl
|_  100227  2,3         2049/udp6  nfs_acl
139/tcp   open  netbios-ssn Samba smbd 3.X - 4.X (workgroup: WORKGROUP)
445/tcp   open  netbios-ssn Samba smbd 4.3.11-Ubuntu (workgroup: WORKGROUP)
2049/tcp  open  nfs_acl     2-3 (RPC #100227)
34475/tcp open  nlockmgr    1-4 (RPC #100021)
35037/tcp open  mountd      1-3 (RPC #100005)
48583/tcp open  mountd      1-3 (RPC #100005)
54921/tcp open  mountd      1-3 (RPC #100005)
No exact OS matches for host (If you know what OS is running on it, see https://nmap.org/submit/ ).
TCP/IP fingerprint:
OS:SCAN(V=7.94SVN%E=4%D=1/10%OT=21%CT=1%CU=39397%PV=Y%DS=2%DC=T%G=Y%TM=6781
OS:3EF7%P=x86_64-pc-linux-gnu)SEQ(SP=106%GCD=1%ISR=10B%TI=Z%CI=I%II=I%TS=8)
OS:SEQ(SP=106%GCD=2%ISR=10B%TI=Z%CI=I%II=I%TS=8)SEQ(SP=107%GCD=1%ISR=10B%TI
OS:=Z%CI=I%II=I%TS=8)OPS(O1=M508ST11NW6%O2=M508ST11NW6%O3=M508NNT11NW6%O4=M
OS:508ST11NW6%O5=M508ST11NW6%O6=M508ST11)WIN(W1=68DF%W2=68DF%W3=68DF%W4=68D
OS:F%W5=68DF%W6=68DF)ECN(R=Y%DF=Y%T=40%W=6903%O=M508NNSNW6%CC=Y%Q=)T1(R=Y%D
OS:F=Y%T=40%S=O%A=S+%F=AS%RD=0%Q=)T2(R=N)T3(R=N)T4(R=Y%DF=Y%T=40%W=0%S=A%A=
OS:Z%F=R%O=%RD=0%Q=)T5(R=Y%DF=Y%T=40%W=0%S=Z%A=S+%F=AR%O=%RD=0%Q=)T6(R=Y%DF
OS:=Y%T=40%W=0%S=A%A=Z%F=R%O=%RD=0%Q=)T7(R=Y%DF=Y%T=40%W=0%S=Z%A=S+%F=AR%O=
OS:%RD=0%Q=)U1(R=Y%DF=N%T=40%IPL=164%UN=0%RIPL=G%RID=G%RIPCK=G%RUCK=G%RUD=G
OS:)IE(R=Y%DFI=N%T=40%CD=S)

Network Distance: 2 hops
Service Info: Host: KENOBI; OSs: Unix, Linux; CPE: cpe:/o:linux:linux_kernel

Host script results:
|_clock-skew: mean: 1h59m59s, deviation: 3h27m51s, median: -1s
|_nbstat: NetBIOS name: KENOBI, NetBIOS user: <unknown>, NetBIOS MAC: <unknown> (unknown)
| smb-security-mode: 
|   account_used: guest
|   authentication_level: user
|   challenge_response: supported
|_  message_signing: disabled (dangerous, but default)
| smb2-security-mode: 
|   3:1:1: 
|_    Message signing enabled but not required
| smb2-time: 
|   date: 2025-01-10T15:38:28
|_  start_date: N/A
| smb-os-discovery: 
|   OS: Windows 6.1 (Samba 4.3.11-Ubuntu)
|   Computer name: kenobi
|   NetBIOS computer name: KENOBI\x00
|   Domain name: \x00
|   FQDN: kenobi
|_  System time: 2025-01-10T09:38:28-06:00

TRACEROUTE (using port 8080/tcp)
HOP RTT      ADDRESS
1   34.66 ms 10.9.0.1
2   34.85 ms 10.10.119.141

OS and Service detection performed. Please report any incorrect results at https://nmap.org/submit/ .
# Nmap done at Fri Jan 10 16:38:31 2025 -- 1 IP address (1 host up) scanned in 54.76 seconds
