# Nmap 7.94SVN scan initiated Tue May 20 16:10:05 2025 as: nmap -sS -p- -A -T4 -oN nmap.out 10.10.10.3
Nmap scan report for 10.10.10.3
Host is up (0.021s latency).
Not shown: 65530 filtered tcp ports (no-response)
PORT     STATE SERVICE     VERSION
21/tcp   open  ftp         vsftpd 2.3.4
|_ftp-anon: Anonymous FTP login allowed (FTP code 230)
| ftp-syst: 
|   STAT: 
| FTP server status:
|      Connected to 10.10.14.147
|      Logged in as ftp
|      TYPE: ASCII
|      No session bandwidth limit
|      Session timeout in seconds is 300
|      Control connection is plain text
|      Data connections will be plain text
|      vsFTPd 2.3.4 - secure, fast, stable
|_End of status
22/tcp   open  ssh         OpenSSH 4.7p1 Debian 8ubuntu1 (protocol 2.0)
| ssh-hostkey: 
|   1024 60:0f:cf:e1:c0:5f:6a:74:d6:90:24:fa:c4:d5:6c:cd (DSA)
|_  2048 56:56:24:0f:21:1d:de:a7:2b:ae:61:b1:24:3d:e8:f3 (RSA)
139/tcp  open  netbios-ssn Samba smbd 3.X - 4.X (workgroup: WORKGROUP)
445/tcp  open  netbios-ssn Samba smbd 3.0.20-Debian (workgroup: WORKGROUP)
3632/tcp open  distccd     distccd v1 ((GNU) 4.2.4 (Ubuntu 4.2.4-1ubuntu4))
Warning: OSScan results may be unreliable because we could not find at least 1 open and 1 closed port
Aggressive OS guesses: Linux 2.6.23 (92%), Belkin N300 WAP (Linux 2.6.30) (90%), Control4 HC-300 home controller (90%), D-Link DAP-1522 WAP, or Xerox WorkCentre Pro 245 or 6556 printer (90%), Dell Integrated Remote Access Controller (iDRAC5) (90%), Dell Integrated Remote Access Controller (iDRAC6) (90%), Linksys WET54GS5 WAP, Tranzeo TR-CPQ-19f WAP, or Xerox WorkCentre Pro 265 printer (90%), Linux 2.4.21 - 2.4.31 (likely embedded) (90%), Linux 2.4.7 (90%), Citrix XenServer 5.5 (Linux 2.6.18) (90%)
No exact OS matches for host (test conditions non-ideal).
Network Distance: 2 hops
Service Info: OSs: Unix, Linux; CPE: cpe:/o:linux:linux_kernel

Host script results:
|_clock-skew: mean: 2h00m42s, deviation: 2h49m43s, median: 41s
|_smb2-time: Protocol negotiation failed (SMB2)
| smb-security-mode: 
|   account_used: guest
|   authentication_level: user
|   challenge_response: supported
|_  message_signing: disabled (dangerous, but default)
| smb-os-discovery: 
|   OS: Unix (Samba 3.0.20-Debian)
|   Computer name: lame
|   NetBIOS computer name: 
|   Domain name: hackthebox.gr
|   FQDN: lame.hackthebox.gr
|_  System time: 2025-05-20T10:13:14-04:00

TRACEROUTE (using port 139/tcp)
HOP RTT      ADDRESS
1   20.53 ms 10.10.14.1
2   20.48 ms 10.10.10.3

OS and Service detection performed. Please report any incorrect results at https://nmap.org/submit/ .
# Nmap done at Tue May 20 16:13:10 2025 -- 1 IP address (1 host up) scanned in 185.31 seconds
