/examples            [36m (Status: 302)[0m [Size: 0][34m [--> /examples/][0m
/examples/jsp/snp/snoop.jsp.html[32m (Status: 200)[0m [Size: 2262]
/examples/jsp/snp/snoop.jsp[32m (Status: 200)[0m [Size: 571]
/examples/jsp/source.jsp.html[32m (Status: 200)[0m [Size: 1079]
/examples/jsp/index.html[32m (Status: 200)[0m [Size: 14326]
/examples/jsp/source.jsp[31m (Status: 500)[0m [Size: 2629]
/examples/servlets/index.html[32m (Status: 200)[0m [Size: 6416]
/examples/../manager/html[33m (Status: 401)[0m [Size: 2473]
/examples/%2e%2e/manager/html[33m (Status: 401)[0m [Size: 2473]
/host-manager        [36m (Status: 302)[0m [Size: 0][34m [--> /host-manager/][0m
/host-manager/html/*.html[33m (Status: 401)[0m [Size: 2044]
/host-manager/html/* [33m (Status: 401)[0m [Size: 2044]
/host-manager/html/*.jsp[33m (Status: 401)[0m [Size: 2044]
/manager             [36m (Status: 302)[0m [Size: 0][34m [--> /manager/][0m
/manager/html        [33m (Status: 401)[0m [Size: 2473]
/manager/html/*      [33m (Status: 401)[0m [Size: 2473]
/manager/html/*.jsp  [33m (Status: 401)[0m [Size: 2473]
/manager/html/*.html [33m (Status: 401)[0m [Size: 2473]
/manager/jmxproxy/*  [33m (Status: 401)[0m [Size: 2473]
/manager/jmxproxy/*.jsp[33m (Status: 401)[0m [Size: 2473]
/manager/jmxproxy    [33m (Status: 401)[0m [Size: 2473]
/manager/jmxproxy/*.html[33m (Status: 401)[0m [Size: 2473]
/manager/status.xsd  [32m (Status: 200)[0m [Size: 4374]
/manager/status/*    [33m (Status: 401)[0m [Size: 2473]
/manager/status/*.html[33m (Status: 401)[0m [Size: 2473]
/manager/status/*.jsp[33m (Status: 401)[0m [Size: 2473]
