# Nmap 7.94SVN scan initiated Sun Mar  3 11:00:04 2024 as: nmap -sS -A -p1-1000 -oN nmap.out 10.10.11.253
Nmap scan report for 10.10.11.253
Host is up (0.052s latency).
Not shown: 998 closed tcp ports (reset)
PORT   STATE SERVICE VERSION
22/tcp open  ssh     OpenSSH 8.9p1 Ubuntu 3ubuntu0.6 (Ubuntu Linux; protocol 2.0)
| ssh-hostkey: 
|   256 80:e4:79:e8:59:28:df:95:2d:ad:57:4a:46:04:ea:70 (ECDSA)
|_  256 e9:ea:0c:1d:86:13:ed:95:a9:d0:0b:c8:22:e4:cf:e9 (ED25519)
80/tcp open  http    nginx
|_http-title: Weighted Grade Calculator
No exact OS matches for host (If you know what OS is running on it, see https://nmap.org/submit/ ).
TCP/IP fingerprint:
OS:SCAN(V=7.94SVN%E=4%D=3/3%OT=22%CT=1%CU=31849%PV=Y%DS=2%DC=T%G=Y%TM=65E44
OS:A3B%P=x86_64-pc-linux-gnu)SEQ(SP=104%GCD=1%ISR=104%TI=Z%CI=Z%TS=A)SEQ(SP
OS:=104%GCD=1%ISR=104%TI=Z%CI=Z%II=I%TS=A)SEQ(SP=104%GCD=2%ISR=104%TI=Z%CI=
OS:Z%II=I%TS=A)OPS(O1=M53AST11NW7%O2=M53AST11NW7%O3=M53ANNT11NW7%O4=M53AST1
OS:1NW7%O5=M53AST11NW7%O6=M53AST11)WIN(W1=FE88%W2=FE88%W3=FE88%W4=FE88%W5=F
OS:E88%W6=FE88)ECN(R=Y%DF=Y%T=40%W=FAF0%O=M53ANNSNW7%CC=Y%Q=)T1(R=Y%DF=Y%T=
OS:40%S=O%A=S+%F=AS%RD=0%Q=)T2(R=N)T3(R=N)T4(R=Y%DF=Y%T=40%W=0%S=A%A=Z%F=R%
OS:O=%RD=0%Q=)T5(R=Y%DF=Y%T=40%W=0%S=Z%A=S+%F=AR%O=%RD=0%Q=)T6(R=Y%DF=Y%T=4
OS:0%W=0%S=A%A=Z%F=R%O=%RD=0%Q=)T7(R=Y%DF=Y%T=40%W=0%S=Z%A=S+%F=AR%O=%RD=0%
OS:Q=)U1(R=Y%DF=N%T=40%IPL=164%UN=0%RIPL=G%RID=G%RIPCK=G%RUCK=G%RUD=G)IE(R=
OS:Y%DFI=N%T=40%CD=S)

Network Distance: 2 hops
Service Info: OS: Linux; CPE: cpe:/o:linux:linux_kernel

TRACEROUTE (using port 111/tcp)
HOP RTT      ADDRESS
1   48.52 ms 10.10.16.1
2   24.35 ms 10.10.11.253

OS and Service detection performed. Please report any incorrect results at https://nmap.org/submit/ .
# Nmap done at Sun Mar  3 11:00:27 2024 -- 1 IP address (1 host up) scanned in 23.92 seconds
