[32mFound[0m: smtp.dog.htb [32mStatus: 200[0m [Size: 13350]
[32mFound[0m: www.dog.htb [32mStatus: 200[0m [Size: 13332]
[32mFound[0m: cpanel.dog.htb [32mStatus: 200[0m [Size: 13386]
[32mFound[0m: webmail.dog.htb [32mStatus: 200[0m [Size: 13404]
[32mFound[0m: mail.dog.htb [32mStatus: 200[0m [Size: 13350]
[32mFound[0m: whm.dog.htb [32mStatus: 200[0m [Size: 13332]
[32mFound[0m: webdisk.dog.htb [32mStatus: 200[0m [Size: 13404]
[32mFound[0m: localhost.dog.htb [32mStatus: 200[0m [Size: 13440]
[32mFound[0m: ftp.dog.htb [32mStatus: 200[0m [Size: 13332]
[32mFound[0m: pop.dog.htb [32mStatus: 200[0m [Size: 13332]
[32mFound[0m: ns1.dog.htb [32mStatus: 200[0m [Size: 13332]
[32mFound[0m: ns2.dog.htb [32mStatus: 200[0m [Size: 13332]
[32mFound[0m: autodiscover.dog.htb [32mStatus: 200[0m [Size: 13494]
[32mFound[0m: www2.dog.htb [32mStatus: 200[0m [Size: 13350]
[32mFound[0m: autoconfig.dog.htb [32mStatus: 200[0m [Size: 13458]
[32mFound[0m: test.dog.htb [32mStatus: 200[0m [Size: 13350]
[32mFound[0m: dev.dog.htb [32mStatus: 200[0m [Size: 13332]
[32mFound[0m: blog.dog.htb [32mStatus: 200[0m [Size: 13350]
[32mFound[0m: ns.dog.htb [32mStatus: 200[0m [Size: 13314]
[32mFound[0m: m.dog.htb [32mStatus: 200[0m [Size: 13296]
[32mFound[0m: forum.dog.htb [32mStatus: 200[0m [Size: 13368]
[32mFound[0m: ns3.dog.htb [32mStatus: 200[0m [Size: 13332]
[32mFound[0m: pop3.dog.htb [32mStatus: 200[0m [Size: 13350]
[32mFound[0m: admin.dog.htb [32mStatus: 200[0m [Size: 13368]
[32mFound[0m: mail2.dog.htb [32mStatus: 200[0m [Size: 13368]
[32mFound[0m: vpn.dog.htb [32mStatus: 200[0m [Size: 13332]
[32mFound[0m: mx.dog.htb [32mStatus: 200[0m [Size: 13314]
[32mFound[0m: old.dog.htb [32mStatus: 200[0m [Size: 13332]
[32mFound[0m: imap.dog.htb [32mStatus: 200[0m [Size: 13350]
[32mFound[0m: new.dog.htb [32mStatus: 200[0m [Size: 13332]
[32mFound[0m: mobile.dog.htb [32mStatus: 200[0m [Size: 13386]
[32mFound[0m: mysql.dog.htb [32mStatus: 200[0m [Size: 13368]
[32mFound[0m: beta.dog.htb [32mStatus: 200[0m [Size: 13350]
[33mMissed[0m: dns1.dog.htb [37mStatus: 0[0m [Size: 0]
[33mMissed[0m: shop.dog.htb [37mStatus: 0[0m [Size: 0]
[33mMissed[0m: demo.dog.htb [37mStatus: 0[0m [Size: 0]
[33mMissed[0m: ns4.dog.htb [37mStatus: 0[0m [Size: 0]
[33mMissed[0m: secure.dog.htb [37mStatus: 0[0m [Size: 0]
[33mMissed[0m: support.dog.htb [37mStatus: 0[0m [Size: 0]
[33mMissed[0m: static.dog.htb [37mStatus: 0[0m [Size: 0]
[33mMissed[0m: lists.dog.htb [37mStatus: 0[0m [Size: 0]
[33mMissed[0m: cp.dog.htb [37mStatus: 0[0m [Size: 0]
[33mMissed[0m: dns2.dog.htb [37mStatus: 0[0m [Size: 0]
[33mMissed[0m: web.dog.htb [37mStatus: 0[0m [Size: 0]
[33mMissed[0m: www1.dog.htb [37mStatus: 0[0m [Size: 0]
[33mMissed[0m: img.dog.htb [37mStatus: 0[0m [Size: 0]
[33mMissed[0m: portal.dog.htb [37mStatus: 0[0m [Size: 0]
[33mMissed[0m: news.dog.htb [37mStatus: 0[0m [Size: 0]
[33mMissed[0m: server.dog.htb [37mStatus: 0[0m [Size: 0]
[33mMissed[0m: api.dog.htb [37mStatus: 0[0m [Size: 0]
[33mMissed[0m: media.dog.htb [37mStatus: 0[0m [Size: 0]
[33mMissed[0m: wiki.dog.htb [37mStatus: 0[0m [Size: 0]
[33mMissed[0m: images.dog.htb [37mStatus: 0[0m [Size: 0]
[33mMissed[0m: www.blog.dog.htb [37mStatus: 0[0m [Size: 0]
