# Nmap 7.93 scan initiated Mon Nov 13 18:41:25 2023 as: nmap -sS -p1-1000 -A -oN scan.out 10.10.11.239
Nmap scan report for 10.10.11.239
Host is up (0.055s latency).
Not shown: 998 closed tcp ports (reset)
PORT   STATE SERVICE VERSION
22/tcp open  ssh     OpenSSH 8.9p1 Ubuntu 3ubuntu0.4 (Ubuntu Linux; protocol 2.0)
| ssh-hostkey: 
|   256 96071cc6773e07a0cc6f2419744d570b (ECDSA)
|_  256 0ba4c0cfe23b95aef6f5df7d0c88d6ce (ED25519)
80/tcp open  http    Apache httpd 2.4.52
|_http-title: Did not follow redirect to http://codify.htb/
|_http-server-header: Apache/2.4.52 (Ubuntu)
No exact OS matches for host (If you know what OS is running on it, see https://nmap.org/submit/ ).
TCP/IP fingerprint:
OS:SCAN(V=7.93%E=4%D=11/13%OT=22%CT=1%CU=35564%PV=Y%DS=2%DC=T%G=Y%TM=65525F
OS:DC%P=x86_64-pc-linux-gnu)SEQ(SP=FE%GCD=1%ISR=104%TI=Z%CI=Z%II=I%TS=A)OPS
OS:(O1=M53AST11NW7%O2=M53AST11NW7%O3=M53ANNT11NW7%O4=M53AST11NW7%O5=M53AST1
OS:1NW7%O6=M53AST11)WIN(W1=FE88%W2=FE88%W3=FE88%W4=FE88%W5=FE88%W6=FE88)ECN
OS:(R=Y%DF=Y%T=40%W=FAF0%O=M53ANNSNW7%CC=Y%Q=)T1(R=Y%DF=Y%T=40%S=O%A=S+%F=A
OS:S%RD=0%Q=)T2(R=N)T3(R=N)T4(R=Y%DF=Y%T=40%W=0%S=A%A=Z%F=R%O=%RD=0%Q=)T5(R
OS:=Y%DF=Y%T=40%W=0%S=Z%A=S+%F=AR%O=%RD=0%Q=)T6(R=Y%DF=Y%T=40%W=0%S=A%A=Z%F
OS:=R%O=%RD=0%Q=)T7(R=Y%DF=Y%T=40%W=0%S=Z%A=S+%F=AR%O=%RD=0%Q=)U1(R=Y%DF=N%
OS:T=40%IPL=164%UN=0%RIPL=G%RID=G%RIPCK=G%RUCK=G%RUD=G)IE(R=Y%DFI=N%T=40%CD
OS:=S)

Network Distance: 2 hops
Service Info: Host: codify.htb; OS: Linux; CPE: cpe:/o:linux:linux_kernel

TRACEROUTE (using port 21/tcp)
HOP RTT      ADDRESS
1   91.16 ms 10.10.16.1
2   27.58 ms 10.10.11.239

OS and Service detection performed. Please report any incorrect results at https://nmap.org/submit/ .
# Nmap done at Mon Nov 13 18:41:48 2023 -- 1 IP address (1 host up) scanned in 23.14 seconds
