# Nmap 7.94SVN scan initiated Tue Jun 18 17:21:19 2024 as: nmap -sS -A -p1-1024 -oN nmap_tcp.out -T3 10.10.11.11
Nmap scan report for 10.10.11.11
Host is up (0.074s latency).
Not shown: 1022 closed tcp ports (reset)
PORT   STATE SERVICE VERSION
22/tcp open  ssh     OpenSSH 8.2p1 Ubuntu 4ubuntu0.11 (Ubuntu Linux; protocol 2.0)
| ssh-hostkey: 
|   3072 06:2d:3b:85:10:59:ff:73:66:27:7f:0e:ae:03:ea:f4 (RSA)
|   256 59:03:dc:52:87:3a:35:99:34:44:74:33:78:31:35:fb (ECDSA)
|_  256 ab:13:38:e4:3e:e0:24:b4:69:38:a9:63:82:38:dd:f4 (ED25519)
80/tcp open  http    Apache httpd 2.4.41 ((Ubuntu))
|_http-title: Site doesn't have a title (text/html; charset=UTF-8).
|_http-server-header: Apache/2.4.41 (Ubuntu)
No exact OS matches for host (If you know what OS is running on it, see https://nmap.org/submit/ ).
TCP/IP fingerprint:
OS:SCAN(V=7.94SVN%E=4%D=6/18%OT=22%CT=1%CU=34070%PV=Y%DS=2%DC=T%G=Y%TM=6671
OS:A618%P=x86_64-pc-linux-gnu)SEQ()SEQ(CI=Z)SEQ(SP=103%GCD=1%ISR=10C%TI=Z%C
OS:I=Z%TS=D)SEQ(SP=104%GCD=1%ISR=10C%TI=Z%TS=B)SEQ(SP=104%GCD=1%ISR=10C%TI=
OS:Z%CI=Z%II=I%TS=A)OPS(O1=M53CST11NW7%O2=M53CST11NW7%O3=M53CNNT11NW7%O4=M5
OS:3CST11NW7%O5=M53CST11NW7%O6=M53CST11)WIN(W1=FE88%W2=FE88%W3=FE88%W4=FE88
OS:%W5=FE88%W6=FE88)ECN(R=N)ECN(R=Y%DF=Y%T=40%W=FAF0%O=M53CNNSNW7%CC=Y%Q=)T
OS:1(R=N)T1(R=Y%DF=Y%T=40%S=O%A=O%F=AS%RD=0%Q=)T1(R=Y%DF=Y%T=40%S=O%A=S+%F=
OS:AS%RD=0%Q=)T2(R=N)T3(R=N)T4(R=N)T4(R=Y%DF=Y%T=40%W=0%S=A%A=Z%F=R%O=%RD=0
OS:%Q=)T4(R=Y%DF=Y%T=40%W=0%S=O%A=Z%F=R%O=%RD=0%Q=)T5(R=N)T5(R=Y%DF=Y%T=40%
OS:W=0%S=Z%A=O%F=AR%O=%RD=0%Q=)T5(R=Y%DF=Y%T=40%W=0%S=Z%A=S+%F=AR%O=%RD=0%Q
OS:=)T6(R=N)T6(R=Y%DF=Y%T=40%W=0%S=A%A=Z%F=R%O=%RD=0%Q=)T6(R=Y%DF=Y%T=40%W=
OS:0%S=O%A=Z%F=R%O=%RD=0%Q=)T7(R=N)T7(R=Y%DF=Y%T=40%W=0%S=Z%A=O%F=AR%O=%RD=
OS:0%Q=)T7(R=Y%DF=Y%T=40%W=0%S=Z%A=S+%F=AR%O=%RD=0%Q=)U1(R=N)U1(R=Y%DF=N%T=
OS:40%IPL=164%UN=0%RIPL=G%RID=G%RIPCK=G%RUCK=G%RUD=G)IE(R=N)IE(R=Y%DFI=N%T=
OS:40%CD=S)

Network Distance: 2 hops
Service Info: OS: Linux; CPE: cpe:/o:linux:linux_kernel

TRACEROUTE (using port 23/tcp)
HOP RTT       ADDRESS
1   127.98 ms 10.10.14.1
2   128.07 ms 10.10.11.11

OS and Service detection performed. Please report any incorrect results at https://nmap.org/submit/ .
# Nmap done at Tue Jun 18 17:22:00 2024 -- 1 IP address (1 host up) scanned in 41.37 seconds
