# Nmap 7.91 scan initiated Thu Apr 22 13:59:25 2021 as: nmap -O -sV -sC -sS -v -oN scan.out 10.10.227.108
Nmap scan report for 10.10.227.108
Host is up (0.041s latency).
Not shown: 998 closed ports
PORT   STATE SERVICE VERSION
22/tcp open  ssh     OpenSSH 7.2p2 Ubuntu 4ubuntu2.6 (Ubuntu Linux; protocol 2.0)
| ssh-hostkey: 
|   2048 44:d0:47:6f:ed:c8:9a:03:08:b8:f2:87:12:b8:32:9f (RSA)
|   256 a8:ba:9d:21:c7:16:9a:0a:33:07:ed:0a:cd:53:8d:e3 (ECDSA)
|_  256 69:65:57:87:2c:f5:ca:e4:a0:2e:a8:58:7a:43:75:ce (ED25519)
80/tcp open  http    Apache httpd 2.4.18 ((Ubuntu))
| http-methods: 
|_  Supported Methods: GET HEAD POST OPTIONS
|_http-server-header: Apache/2.4.18 (Ubuntu)
|_http-title: Rick is sup4r cool
No exact OS matches for host (If you know what OS is running on it, see https://nmap.org/submit/ ).
TCP/IP fingerprint:
OS:SCAN(V=7.91%E=4%D=4/22%OT=22%CT=1%CU=31507%PV=Y%DS=2%DC=I%G=Y%TM=6081653
OS:4%P=x86_64-pc-linux-gnu)SEQ(SP=103%GCD=1%ISR=109%TI=Z%CI=I%II=I%TS=8)OPS
OS:(O1=M505ST11NW7%O2=M505ST11NW7%O3=M505NNT11NW7%O4=M505ST11NW7%O5=M505ST1
OS:1NW7%O6=M505ST11)WIN(W1=68DF%W2=68DF%W3=68DF%W4=68DF%W5=68DF%W6=68DF)ECN
OS:(R=Y%DF=Y%T=40%W=6903%O=M505NNSNW7%CC=Y%Q=)T1(R=Y%DF=Y%T=40%S=O%A=S+%F=A
OS:S%RD=0%Q=)T2(R=N)T3(R=N)T4(R=Y%DF=Y%T=40%W=0%S=A%A=Z%F=R%O=%RD=0%Q=)T5(R
OS:=Y%DF=Y%T=40%W=0%S=Z%A=S+%F=AR%O=%RD=0%Q=)T6(R=Y%DF=Y%T=40%W=0%S=A%A=Z%F
OS:=R%O=%RD=0%Q=)T7(R=Y%DF=Y%T=40%W=0%S=Z%A=S+%F=AR%O=%RD=0%Q=)U1(R=Y%DF=N%
OS:T=40%IPL=164%UN=0%RIPL=G%RID=G%RIPCK=G%RUCK=G%RUD=G)IE(R=Y%DFI=N%T=40%CD
OS:=S)

Uptime guess: 195.709 days (since Thu Oct  8 20:59:31 2020)
Network Distance: 2 hops
TCP Sequence Prediction: Difficulty=259 (Good luck!)
IP ID Sequence Generation: All zeros
Service Info: OS: Linux; CPE: cpe:/o:linux:linux_kernel

Read data files from: /usr/bin/../share/nmap
OS and Service detection performed. Please report any incorrect results at https://nmap.org/submit/ .
# Nmap done at Thu Apr 22 13:59:48 2021 -- 1 IP address (1 host up) scanned in 22.88 seconds
