# Nmap 7.94SVN scan initiated Wed Aug 28 14:17:35 2024 as: nmap -sS -p- -A -oN nmap.out -T4 10.10.137.114
Nmap scan report for 10.10.137.114
Host is up (0.036s latency).
Not shown: 65532 filtered tcp ports (no-response)
PORT    STATE  SERVICE  VERSION
22/tcp  closed ssh
80/tcp  open   http     Apache httpd
|_http-server-header: Apache
|_http-title: Site doesn't have a title (text/html).
443/tcp open   ssl/http Apache httpd
|_http-server-header: Apache
| ssl-cert: Subject: commonName=www.example.com
| Not valid before: 2015-09-16T10:45:03
|_Not valid after:  2025-09-13T10:45:03
|_http-title: Site doesn't have a title (text/html).
Device type: general purpose|specialized|storage-misc|broadband router|WAP|printer
Running (JUST GUESSING): Linux 5.X|3.X|4.X|2.6.X (89%), Crestron 2-Series (87%), HP embedded (87%), Asus embedded (86%)
OS CPE: cpe:/o:linux:linux_kernel:5.4 cpe:/o:linux:linux_kernel:3 cpe:/o:linux:linux_kernel:4 cpe:/o:crestron:2_series cpe:/h:hp:p2000_g3 cpe:/o:linux:linux_kernel:2.6.22 cpe:/h:asus:rt-n56u cpe:/o:linux:linux_kernel:3.4
Aggressive OS guesses: Linux 5.4 (89%), Linux 3.10 - 3.13 (88%), Linux 3.10 - 4.11 (88%), Linux 3.12 (88%), Linux 3.13 (88%), Linux 3.13 or 4.2 (88%), Linux 3.2 - 3.5 (88%), Linux 3.2 - 3.8 (88%), Linux 4.2 (88%), Linux 4.4 (88%)
No exact OS matches for host (test conditions non-ideal).
Network Distance: 2 hops

TRACEROUTE (using port 22/tcp)
HOP RTT      ADDRESS
1   37.56 ms 10.8.0.1
2   37.66 ms 10.10.137.114

OS and Service detection performed. Please report any incorrect results at https://nmap.org/submit/ .
# Nmap done at Wed Aug 28 14:19:31 2024 -- 1 IP address (1 host up) scanned in 115.99 seconds
