# Nmap 7.93 scan initiated Thu Apr 20 22:57:11 2023 as: nmap -sS -A -p1-1000 -oN nmap.out -T4 10.10.11.208
Nmap scan report for 10.10.11.208
Host is up (0.055s latency).
Not shown: 998 closed tcp ports (reset)
PORT   STATE SERVICE VERSION
22/tcp open  ssh     OpenSSH 8.9p1 Ubuntu 3ubuntu0.1 (Ubuntu Linux; protocol 2.0)
| ssh-hostkey: 
|   256 4fe3a667a227f9118dc30ed773a02c28 (ECDSA)
|_  256 816e78766b8aea7d1babd436b7f8ecc4 (ED25519)
80/tcp open  http    Apache httpd 2.4.52
|_http-title: Did not follow redirect to http://searcher.htb/
|_http-server-header: Apache/2.4.52 (Ubuntu)
No exact OS matches for host (If you know what OS is running on it, see https://nmap.org/submit/ ).
TCP/IP fingerprint:
OS:SCAN(V=7.93%E=4%D=4/20%OT=22%CT=1%CU=39445%PV=Y%DS=2%DC=T%G=Y%TM=6441A73
OS:E%P=x86_64-pc-linux-gnu)SEQ(SP=106%GCD=1%ISR=10B%TI=Z%CI=Z%II=I%TS=A)SEQ
OS:(SP=106%GCD=1%ISR=10B%TI=Z%CI=Z%TS=A)OPS(O1=M53AST11NW7%O2=M53AST11NW7%O
OS:3=M53ANNT11NW7%O4=M53AST11NW7%O5=M53AST11NW7%O6=M53AST11)WIN(W1=FE88%W2=
OS:FE88%W3=FE88%W4=FE88%W5=FE88%W6=FE88)ECN(R=Y%DF=Y%T=40%W=FAF0%O=M53ANNSN
OS:W7%CC=Y%Q=)T1(R=Y%DF=Y%T=40%S=O%A=S+%F=AS%RD=0%Q=)T2(R=N)T3(R=N)T4(R=Y%D
OS:F=Y%T=40%W=0%S=A%A=Z%F=R%O=%RD=0%Q=)T5(R=Y%DF=Y%T=40%W=0%S=Z%A=S+%F=AR%O
OS:=%RD=0%Q=)T6(R=Y%DF=Y%T=40%W=0%S=A%A=Z%F=R%O=%RD=0%Q=)T7(R=Y%DF=Y%T=40%W
OS:=0%S=Z%A=S+%F=AR%O=%RD=0%Q=)U1(R=Y%DF=N%T=40%IPL=164%UN=0%RIPL=G%RID=G%R
OS:IPCK=G%RUCK=G%RUD=G)IE(R=Y%DFI=N%T=40%CD=S)

Network Distance: 2 hops
Service Info: Host: searcher.htb; OS: Linux; CPE: cpe:/o:linux:linux_kernel

TRACEROUTE (using port 993/tcp)
HOP RTT      ADDRESS
1   91.89 ms 10.10.16.1
2   26.75 ms 10.10.11.208

OS and Service detection performed. Please report any incorrect results at https://nmap.org/submit/ .
# Nmap done at Thu Apr 20 22:57:34 2023 -- 1 IP address (1 host up) scanned in 23.20 seconds
